TN:
SF:src/modules/appointments/services/CreateAppointmentService.ts
FN:19,CreateAppointmentService
FN:30,execute
FNF:2
FNH:2
FNDA:5,CreateAppointmentService
FNDA:7,execute
DA:1,1
DA:2,1
DA:3,1
DA:4,1
DA:5,1
DA:6,1
DA:7,1
DA:8,1
DA:9,1
DA:10,1
DA:11,1
DA:12,1
DA:13,1
DA:14,1
DA:15,1
DA:16,1
DA:17,1
DA:18,1
DA:19,1
DA:20,5
DA:21,5
DA:22,5
DA:23,5
DA:24,5
DA:25,5
DA:26,5
DA:27,5
DA:28,5
DA:29,1
DA:30,1
DA:31,7
DA:32,7
DA:33,7
DA:34,7
DA:35,7
DA:36,7
DA:37,7
DA:38,7
DA:39,7
DA:40,1
DA:41,1
DA:42,6
DA:43,7
DA:44,2
DA:45,2
DA:46,4
DA:47,7
DA:48,1
DA:49,1
DA:50,3
DA:51,7
DA:52,1
DA:53,1
DA:54,1
DA:55,1
DA:56,2
DA:57,2
DA:58,2
DA:59,2
DA:60,2
DA:61,2
DA:62,2
DA:63,2
DA:64,2
DA:65,2
DA:66,2
DA:67,2
DA:68,2
DA:69,2
DA:70,2
DA:71,2
DA:72,2
DA:73,2
DA:74,2
DA:75,2
DA:76,2
DA:77,2
DA:78,2
DA:79,1
DA:80,1
DA:81,1
LF:81
LH:81
BRDA:19,0,0,5
BRDA:30,1,0,7
BRDA:39,2,0,1
BRDA:42,3,0,6
BRDA:43,4,0,2
BRDA:46,5,0,4
BRDA:47,6,0,1
BRDA:50,7,0,3
BRDA:51,8,0,2
BRDA:51,9,0,1
BRDA:56,10,0,2
BRF:11
BRH:11
end_of_record
TN:
SF:src/modules/appointments/services/ListProviderAppointmentsService.ts
FN:16,ListProviderAppointmentsService
FN:24,execute
FNF:2
FNH:2
FNDA:1,ListProviderAppointmentsService
FNDA:1,execute
DA:1,1
DA:2,1
DA:3,1
DA:4,1
DA:5,1
DA:6,1
DA:7,1
DA:8,1
DA:9,1
DA:10,1
DA:11,1
DA:12,1
DA:13,1
DA:14,1
DA:15,1
DA:16,1
DA:17,1
DA:18,1
DA:19,1
DA:20,1
DA:21,1
DA:22,1
DA:23,1
DA:24,1
DA:25,1
DA:26,1
DA:27,1
DA:28,1
DA:29,1
DA:30,1
DA:31,1
DA:32,1
DA:33,1
DA:34,1
DA:35,1
DA:36,1
DA:37,1
DA:38,1
DA:39,1
DA:40,1
DA:41,1
DA:42,1
DA:43,1
DA:44,1
DA:45,1
DA:46,1
DA:47,1
DA:48,1
DA:49,1
DA:50,1
DA:51,1
DA:52,1
DA:53,1
DA:54,1
DA:55,1
LF:55
LH:55
BRDA:16,0,0,1
BRDA:24,1,0,1
BRF:2
BRH:2
end_of_record
TN:
SF:src/modules/appointments/services/ListProviderDayAvailabilityService.ts
FN:20,ListProviderDayAvailabilityService
FN:25,execute
FNF:2
FNH:2
FNDA:1,ListProviderDayAvailabilityService
FNDA:1,execute
DA:1,1
DA:2,1
DA:3,1
DA:4,1
DA:5,1
DA:6,1
DA:7,1
DA:8,1
DA:9,1
DA:10,1
DA:11,1
DA:12,1
DA:13,1
DA:14,1
DA:15,1
DA:16,1
DA:17,1
DA:18,1
DA:19,1
DA:20,1
DA:21,1
DA:22,1
DA:23,1
DA:24,1
DA:25,1
DA:26,1
DA:27,1
DA:28,1
DA:29,1
DA:30,1
DA:31,1
DA:32,1
DA:33,1
DA:34,1
DA:35,1
DA:36,1
DA:37,1
DA:38,1
DA:39,1
DA:40,1
DA:41,1
DA:42,1
DA:43,1
DA:44,1
DA:45,1
DA:46,1
DA:47,1
DA:48,1
DA:49,10
DA:50,10
DA:51,10
DA:52,10
DA:53,10
DA:54,10
DA:55,10
DA:56,10
DA:57,10
DA:58,10
DA:59,1
DA:60,1
DA:61,1
DA:62,1
DA:63,1
DA:64,1
DA:65,1
LF:65
LH:65
BRDA:20,0,0,1
BRDA:25,1,0,1
BRDA:43,2,0,10
BRDA:48,3,0,10
BRDA:57,4,0,8
BRDA:50,5,0,19
BRF:6
BRH:6
end_of_record
TN:
SF:src/modules/appointments/services/ListProviderMonthAvailabilityService.ts
FN:19,ListProviderMonthAvailabilityService
FN:24,execute
FNF:2
FNH:2
FNDA:1,ListProviderMonthAvailabilityService
FNDA:1,execute
DA:1,1
DA:2,1
DA:3,1
DA:4,1
DA:5,1
DA:6,1
DA:7,1
DA:8,1
DA:9,1
DA:10,1
DA:11,1
DA:12,1
DA:13,1
DA:14,1
DA:15,1
DA:16,1
DA:17,1
DA:18,1
DA:19,1
DA:20,1
DA:21,1
DA:22,1
DA:23,1
DA:24,1
DA:25,1
DA:26,1
DA:27,1
DA:28,1
DA:29,1
DA:30,1
DA:31,1
DA:32,1
DA:33,1
DA:34,1
DA:35,1
DA:36,1
DA:37,1
DA:38,1
DA:39,1
DA:40,1
DA:41,1
DA:42,1
DA:43,1
DA:44,1
DA:45,1
DA:46,1
DA:47,31
DA:48,341
DA:49,31
DA:50,31
DA:51,31
DA:52,31
DA:53,31
DA:54,31
DA:55,1
DA:56,1
DA:57,1
DA:58,1
DA:59,1
DA:60,1
DA:61,1
LF:61
LH:61
BRDA:19,0,0,1
BRDA:24,1,0,1
BRDA:43,2,0,31
BRDA:46,3,0,31
BRDA:47,4,0,341
BRF:5
BRH:5
end_of_record
TN:
SF:src/modules/appointments/services/ListProvidersService.ts
FN:15,ListProvidersService
FN:23,execute
FNF:2
FNH:2
FNDA:1,ListProvidersService
FNDA:1,execute
DA:1,1
DA:2,1
DA:3,1
DA:4,1
DA:5,1
DA:6,1
DA:7,1
DA:8,1
DA:9,1
DA:10,1
DA:11,1
DA:12,1
DA:13,1
DA:14,1
DA:15,1
DA:16,1
DA:17,1
DA:18,1
DA:19,1
DA:20,1
DA:21,1
DA:22,1
DA:23,1
DA:24,1
DA:25,1
DA:26,1
DA:27,1
DA:28,1
DA:29,1
DA:30,1
DA:31,1
DA:32,1
DA:33,1
DA:34,1
DA:35,1
DA:36,1
DA:37,1
DA:38,1
DA:39,1
DA:40,1
DA:41,1
DA:42,1
LF:42
LH:42
BRDA:15,0,0,1
BRDA:23,1,0,1
BRF:2
BRH:2
end_of_record
TN:
SF:src/modules/users/services/AuthenticateUserService.ts
FN:23,AuthenticateUserService
FN:31,execute
FNF:2
FNH:2
FNDA:3,AuthenticateUserService
FNDA:3,execute
DA:1,1
DA:2,1
DA:3,1
DA:4,1
DA:5,1
DA:6,1
DA:7,1
DA:8,1
DA:9,1
DA:10,1
DA:11,1
DA:12,1
DA:13,1
DA:14,1
DA:15,1
DA:16,1
DA:17,1
DA:18,1
DA:19,1
DA:20,1
DA:21,1
DA:22,1
DA:23,1
DA:24,3
DA:25,3
DA:26,3
DA:27,3
DA:28,3
DA:29,3
DA:30,1
DA:31,1
DA:32,3
DA:33,3
DA:34,3
DA:35,1
DA:36,1
DA:37,2
DA:38,2
DA:39,2
DA:40,2
DA:41,2
DA:42,2
DA:43,3
DA:44,1
DA:45,1
DA:46,1
DA:47,1
DA:48,1
DA:49,1
DA:50,1
DA:51,1
DA:52,1
DA:53,1
DA:54,1
DA:55,1
DA:56,1
DA:57,1
DA:58,1
DA:59,1
DA:60,1
DA:61,1
LF:61
LH:61
BRDA:23,0,0,3
BRDA:31,1,0,3
BRDA:34,2,0,1
BRDA:37,3,0,2
BRDA:43,4,0,1
BRF:5
BRH:5
end_of_record
TN:
SF:src/modules/users/services/CreateUserService.ts
FN:19,CreateUserService
FN:30,execute
FNF:2
FNH:2
FNDA:2,CreateUserService
FNDA:3,execute
DA:1,1
DA:2,1
DA:3,1
DA:4,1
DA:5,1
DA:6,1
DA:7,1
DA:8,1
DA:9,1
DA:10,1
DA:11,1
DA:12,1
DA:13,1
DA:14,1
DA:15,1
DA:16,1
DA:17,1
DA:18,1
DA:19,1
DA:20,2
DA:21,2
DA:22,2
DA:23,2
DA:24,2
DA:25,2
DA:26,2
DA:27,2
DA:28,2
DA:29,1
DA:30,1
DA:31,3
DA:32,3
DA:33,3
DA:34,1
DA:35,1
DA:36,2
DA:37,2
DA:38,2
DA:39,2
DA:40,2
DA:41,2
DA:42,2
DA:43,2
DA:44,2
DA:45,2
DA:46,2
DA:47,2
DA:48,2
DA:49,1
DA:50,1
DA:51,1
LF:51
LH:51
BRDA:19,0,0,2
BRDA:30,1,0,3
BRDA:33,2,0,1
BRDA:36,3,0,2
BRF:4
BRH:4
end_of_record
TN:
SF:src/modules/users/services/ResetPasswordService.ts
FN:16,ResetPasswordService
FN:27,execute
FNF:2
FNH:2
FNDA:4,ResetPasswordService
FNDA:4,execute
DA:1,1
DA:2,1
DA:3,1
DA:4,1
DA:5,1
DA:6,1
DA:7,1
DA:8,1
DA:9,1
DA:10,1
DA:11,1
DA:12,1
DA:13,1
DA:14,1
DA:15,1
DA:16,1
DA:17,4
DA:18,4
DA:19,4
DA:20,4
DA:21,4
DA:22,4
DA:23,4
DA:24,4
DA:25,4
DA:26,1
DA:27,1
DA:28,4
DA:29,4
DA:30,4
DA:31,1
DA:32,1
DA:33,3
DA:34,3
DA:35,3
DA:36,4
DA:37,1
DA:38,1
DA:39,2
DA:40,2
DA:41,2
DA:42,2
DA:43,4
DA:44,1
DA:45,1
DA:46,1
DA:47,1
DA:48,1
DA:49,1
DA:50,1
DA:51,1
DA:52,1
LF:52
LH:52
BRDA:16,0,0,4
BRDA:27,1,0,4
BRDA:30,2,0,1
BRDA:33,3,0,3
BRDA:36,4,0,1
BRDA:39,5,0,2
BRDA:43,6,0,1
BRF:7
BRH:7
end_of_record
TN:
SF:src/modules/users/services/SendForgotPasswordEmailService.ts
FN:17,SendForgotPasswordEmailService
FN:28,execute
FNF:2
FNH:2
FNDA:3,SendForgotPasswordEmailService
FNDA:3,execute
DA:1,1
DA:2,1
DA:3,1
DA:4,1
DA:5,1
DA:6,1
DA:7,1
DA:8,1
DA:9,1
DA:10,1
DA:11,1
DA:12,1
DA:13,1
DA:14,1
DA:15,1
DA:16,1
DA:17,1
DA:18,3
DA:19,3
DA:20,3
DA:21,3
DA:22,3
DA:23,3
DA:24,3
DA:25,3
DA:26,3
DA:27,1
DA:28,1
DA:29,3
DA:30,3
DA:31,3
DA:32,1
DA:33,1
DA:34,2
DA:35,2
DA:36,2
DA:37,2
DA:38,2
DA:39,2
DA:40,2
DA:41,2
DA:42,2
DA:43,2
DA:44,2
DA:45,2
DA:46,2
DA:47,2
DA:48,2
DA:49,2
DA:50,2
DA:51,2
DA:52,2
DA:53,2
DA:54,2
DA:55,2
DA:56,2
DA:57,2
DA:58,2
DA:59,1
DA:60,1
DA:61,1
LF:61
LH:61
BRDA:17,0,0,3
BRDA:28,1,0,3
BRDA:31,2,0,1
BRDA:34,3,0,2
BRF:4
BRH:4
end_of_record
TN:
SF:src/modules/users/services/ShowProfileService.ts
FN:14,ShowProfileService
FN:19,execute
FNF:2
FNH:2
FNDA:2,ShowProfileService
FNDA:2,execute
DA:1,1
DA:2,1
DA:3,1
DA:4,1
DA:5,1
DA:6,1
DA:7,1
DA:8,1
DA:9,1
DA:10,1
DA:11,1
DA:12,1
DA:13,1
DA:14,1
DA:15,2
DA:16,2
DA:17,2
DA:18,1
DA:19,1
DA:20,2
DA:21,2
DA:22,2
DA:23,1
DA:24,1
DA:25,1
DA:26,1
DA:27,1
DA:28,1
DA:29,1
LF:29
LH:29
BRDA:14,0,0,2
BRDA:19,1,0,2
BRDA:22,2,0,1
BRF:3
BRH:3
end_of_record
TN:
SF:src/modules/users/services/UpdateProfileService.ts
FN:19,UpdateProfileService
FN:27,execute
FNF:2
FNH:2
FNDA:6,UpdateProfileService
FNDA:6,execute
DA:1,1
DA:2,1
DA:3,1
DA:4,1
DA:5,1
DA:6,1
DA:7,1
DA:8,1
DA:9,1
DA:10,1
DA:11,1
DA:12,1
DA:13,1
DA:14,1
DA:15,1
DA:16,1
DA:17,1
DA:18,1
DA:19,1
DA:20,6
DA:21,6
DA:22,6
DA:23,6
DA:24,6
DA:25,6
DA:26,1
DA:27,1
DA:28,6
DA:29,6
DA:30,6
DA:31,6
DA:32,6
DA:33,6
DA:34,6
DA:35,6
DA:36,6
DA:37,1
DA:38,1
DA:39,5
DA:40,5
DA:41,5
DA:42,6
DA:43,1
DA:44,1
DA:45,4
DA:46,4
DA:47,4
DA:48,4
DA:49,6
DA:50,1
DA:51,1
DA:52,1
DA:53,1
DA:54,3
DA:55,6
DA:56,2
DA:57,2
DA:58,2
DA:59,2
DA:60,2
DA:61,2
DA:62,1
DA:63,1
DA:64,1
DA:65,1
DA:66,1
DA:67,2
DA:68,2
DA:69,2
DA:70,1
DA:71,1
DA:72,1
LF:72
LH:72
BRDA:19,0,0,6
BRDA:27,1,0,6
BRDA:36,2,0,1
BRDA:39,3,0,5
BRDA:42,4,0,1
BRDA:42,5,0,1
BRDA:45,6,0,4
BRDA:49,7,0,3
BRDA:49,8,0,1
BRDA:54,9,0,3
BRDA:55,10,0,2
BRDA:55,11,0,2
BRDA:61,12,0,1
BRF:13
BRH:13
end_of_record
TN:
SF:src/modules/users/services/UpdateUserAvatarService.ts
FN:17,UpdateUserAvatarService
FN:25,execute
FNF:2
FNH:2
FNDA:3,UpdateUserAvatarService
FNDA:4,execute
DA:1,1
DA:2,1
DA:3,1
DA:4,1
DA:5,1
DA:6,1
DA:7,1
DA:8,1
DA:9,1
DA:10,1
DA:11,1
DA:12,1
DA:13,1
DA:14,1
DA:15,1
DA:16,1
DA:17,1
DA:18,3
DA:19,3
DA:20,3
DA:21,3
DA:22,3
DA:23,3
DA:24,1
DA:25,1
DA:26,4
DA:27,4
DA:28,4
DA:29,4
DA:30,4
DA:31,1
DA:32,1
DA:33,3
DA:34,4
DA:35,1
DA:36,1
DA:37,3
DA:38,3
DA:39,3
DA:40,3
DA:41,3
DA:42,3
DA:43,3
DA:44,3
DA:45,3
DA:46,1
DA:47,1
DA:48,1
LF:48
LH:48
BRDA:17,0,0,3
BRDA:25,1,0,4
BRDA:30,2,0,1
BRDA:33,3,0,3
BRDA:34,4,0,1
BRDA:37,5,0,3
BRF:6
BRH:6
end_of_record
